0 info it worked if it ends with ok
1 verbose cli [ '/Users/apple/.nvm/versions/node/v6.4.0/bin/node',
1 verbose cli   '/Users/apple/.nvm/versions/node/v6.4.0/bin/npm',
1 verbose cli   'run',
1 verbose cli   'test' ]
2 info using npm@3.10.6
3 info using node@v6.4.0
4 verbose stack Error: Failed to parse json
4 verbose stack No value found for key private at 5:14
4 verbose stack   "private": <%= private %>,
4 verbose stack              ^
4 verbose stack     at parseError (/Users/apple/.nvm/versions/node/v6.4.0/lib/node_modules/npm/node_modules/read-package-json/read-json.js:390:11)
4 verbose stack     at parseJson (/Users/apple/.nvm/versions/node/v6.4.0/lib/node_modules/npm/node_modules/read-package-json/read-json.js:79:23)
4 verbose stack     at /Users/apple/.nvm/versions/node/v6.4.0/lib/node_modules/npm/node_modules/read-package-json/read-json.js:48:5
4 verbose stack     at /Users/apple/.nvm/versions/node/v6.4.0/lib/node_modules/npm/node_modules/graceful-fs/graceful-fs.js:78:16
4 verbose stack     at tryToString (fs.js:455:3)
4 verbose stack     at FSReqWrap.readFileAfterClose [as oncomplete] (fs.js:442:12)
5 verbose cwd /Users/apple/Desktop/system/slush-xdc-vue/template
6 error Darwin 14.3.0
7 error argv "/Users/apple/.nvm/versions/node/v6.4.0/bin/node" "/Users/apple/.nvm/versions/node/v6.4.0/bin/npm" "run" "test"
8 error node v6.4.0
9 error npm  v3.10.6
10 error file /Users/apple/Desktop/system/slush-xdc-vue/template/package.json
11 error code EJSONPARSE
12 error Failed to parse json
12 error No value found for key private at 5:14
12 error   "private": <%= private %>,
12 error              ^
13 error File: /Users/apple/Desktop/system/slush-xdc-vue/template/package.json
14 error Failed to parse package.json data.
14 error package.json must be actual JSON, not just JavaScript.
14 error
14 error This is not a bug in npm.
14 error Tell the package author to fix their package.json file. JSON.parse
15 verbose exit [ 1, true ]
